<?xml version="1.0" encoding="utf-8"?><testsuite errors="0" failures="0" name="pytest" skips="0" tests="48" time="13.055"><testcase classname="indy_common.test.test_req_utils_claim_def" file="indy_common/test/test_req_utils_claim_def.py" line="75" name="test_get_write_claim_def_signature_type" time="0.0032067298889160156"></testcase><testcase classname="indy_common.test.test_req_utils_claim_def" file="indy_common/test/test_req_utils_claim_def.py" line="80" name="test_get_write_claim_def_signature_type_default" time="0.0028090476989746094"></testcase><testcase classname="indy_common.test.test_req_utils_claim_def" file="indy_common/test/test_req_utils_claim_def.py" line="85" name="test_get_write_claim_def_schema_ref" time="0.002137422561645508"></testcase><testcase classname="indy_common.test.test_req_utils_claim_def" file="indy_common/test/test_req_utils_claim_def.py" line="90" name="test_get_write_claim_def_tag" time="0.0021276473999023438"></testcase><testcase classname="indy_common.test.test_req_utils_claim_def" file="indy_common/test/test_req_utils_claim_def.py" line="95" name="test_get_write_claim_def_tag_default" time="0.0024738311767578125"></testcase><testcase classname="indy_common.test.test_req_utils_claim_def" file="indy_common/test/test_req_utils_claim_def.py" line="100" name="test_get_write_claim_public_keys" time="0.0025937557220458984"></testcase><testcase classname="indy_common.test.test_req_utils_claim_def" file="indy_common/test/test_req_utils_claim_def.py" line="106" name="test_get_txn_claim_def_signature_type" time="0.003008604049682617"></testcase><testcase classname="indy_common.test.test_req_utils_claim_def" file="indy_common/test/test_req_utils_claim_def.py" line="112" name="test_get_txn_claim_def_signature_type_default" time="0.002369403839111328"></testcase><testcase classname="indy_common.test.test_req_utils_claim_def" file="indy_common/test/test_req_utils_claim_def.py" line="118" name="test_get_txn_claim_def_schema_ref" time="0.0022912025451660156"></testcase><testcase classname="indy_common.test.test_req_utils_claim_def" file="indy_common/test/test_req_utils_claim_def.py" line="124" name="test_get_txn_claim_def_tag" time="0.0027937889099121094"></testcase><testcase classname="indy_common.test.test_req_utils_claim_def" file="indy_common/test/test_req_utils_claim_def.py" line="130" name="test_get_txn_claim_def_tag_default" time="0.002635478973388672"></testcase><testcase classname="indy_common.test.test_req_utils_claim_def" file="indy_common/test/test_req_utils_claim_def.py" line="136" name="test_get_txn_claim_public_keys" time="0.0022935867309570312"></testcase><testcase classname="indy_common.test.test_req_utils_claim_def" file="indy_common/test/test_req_utils_claim_def.py" line="143" name="test_get_read_claim_def_signature_type" time="0.002362966537475586"></testcase><testcase classname="indy_common.test.test_req_utils_claim_def" file="indy_common/test/test_req_utils_claim_def.py" line="148" name="test_get_read_claim_def_signature_type_default" time="0.00213623046875"></testcase><testcase classname="indy_common.test.test_req_utils_claim_def" file="indy_common/test/test_req_utils_claim_def.py" line="153" name="test_get_read_claim_def_schema_ref" time="0.002719879150390625"></testcase><testcase classname="indy_common.test.test_req_utils_claim_def" file="indy_common/test/test_req_utils_claim_def.py" line="158" name="test_get_read_claim_def_tag" time="0.002483367919921875"></testcase><testcase classname="indy_common.test.test_req_utils_claim_def" file="indy_common/test/test_req_utils_claim_def.py" line="163" name="test_get_read_claim_def_tag_default" time="0.002519845962524414"></testcase><testcase classname="indy_common.test.test_req_utils_claim_def" file="indy_common/test/test_req_utils_claim_def.py" line="168" name="test_get_read_claim_def_from" time="0.002444744110107422"></testcase><testcase classname="indy_common.test.test_req_utils_schema" file="indy_common/test/test_req_utils_schema.py" line="70" name="test_get_write_schema_name" time="0.0025339126586914062"></testcase><testcase classname="indy_common.test.test_req_utils_schema" file="indy_common/test/test_req_utils_schema.py" line="75" name="test_get_write_schema_version" time="0.0022017955780029297"></testcase><testcase classname="indy_common.test.test_req_utils_schema" file="indy_common/test/test_req_utils_schema.py" line="80" name="test_get_write_schema_attr_names" time="0.002139568328857422"></testcase><testcase classname="indy_common.test.test_req_utils_schema" file="indy_common/test/test_req_utils_schema.py" line="86" name="test_get_txn_schema_name" time="0.0021910667419433594"></testcase><testcase classname="indy_common.test.test_req_utils_schema" file="indy_common/test/test_req_utils_schema.py" line="92" name="test_get_txn_schema_version" time="0.0019876956939697266"></testcase><testcase classname="indy_common.test.test_req_utils_schema" file="indy_common/test/test_req_utils_schema.py" line="98" name="test_get_txn_schema_attr_names" time="0.002173185348510742"></testcase><testcase classname="indy_common.test.test_req_utils_schema" file="indy_common/test/test_req_utils_schema.py" line="105" name="test_get_read_schema_name" time="0.0021719932556152344"></testcase><testcase classname="indy_common.test.test_req_utils_schema" file="indy_common/test/test_req_utils_schema.py" line="110" name="test_get_read_schema_version" time="0.0021181106567382812"></testcase><testcase classname="indy_common.test.test_req_utils_schema" file="indy_common/test/test_req_utils_schema.py" line="115" name="test_get_read_schema_from" time="0.0021848678588867188"></testcase><testcase classname="indy_common.test.test_req_utils_schema" file="indy_common/test/test_req_utils_schema.py" line="120" name="test_get_reply_schema_name" time="0.00229644775390625"></testcase><testcase classname="indy_common.test.test_req_utils_schema" file="indy_common/test/test_req_utils_schema.py" line="125" name="test_get_reply_schema_version" time="0.0020284652709960938"></testcase><testcase classname="indy_common.test.test_req_utils_schema" file="indy_common/test/test_req_utils_schema.py" line="130" name="test_get_reply_schema_from" time="0.002512216567993164"></testcase><testcase classname="indy_common.test.test_req_utils_schema" file="indy_common/test/test_req_utils_schema.py" line="135" name="test_get_reply_schema_attr_names" time="0.002285003662109375"></testcase><testcase classname="indy_common.test.test_roles" file="indy_common/test/test_roles.py" line="6" name="test_roles_are_encoded" time="0.002551555633544922"></testcase><testcase classname="indy_common.test.test_roles" file="indy_common/test/test_roles.py" line="13" name="test_roles_enum_decoded" time="0.002273082733154297"></testcase><testcase classname="indy_common.test.test_roles" file="indy_common/test/test_roles.py" line="20" name="test_roles_enum_encoded" time="0.0019376277923583984"></testcase><testcase classname="indy_common.test.test_roles" file="indy_common/test/test_roles.py" line="27" name="test_name_from_value" time="0.002074718475341797"></testcase><testcase classname="indy_common.test.test_strict_schema" file="indy_common/test/test_strict_schema.py" line="8" name="test_client_safe_req_not_strict_by_default" time="0.0019893646240234375"></testcase><testcase classname="indy_common.test.test_strict_types" file="indy_common/test/test_strict_types.py" line="22" name="test_invalid_argument_type" time="0.0029234886169433594"></testcase><testcase classname="indy_common.test.test_strict_types" file="indy_common/test/test_strict_types.py" line="28" name="test_invalid_return_type" time="0.002041339874267578"></testcase><testcase classname="indy_common.test.test_strict_types" file="indy_common/test/test_strict_types.py" line="34" name="test_valid_input_and_return" time="0.0020809173583984375"></testcase><testcase classname="indy_common.test.test_strict_types" file="indy_common/test/test_strict_types.py" line="39" name="test_works_with_complex_types" time="0.002101898193359375"></testcase><testcase classname="indy_common.test.test_strict_types" file="indy_common/test/test_strict_types.py" line="66" name="test_whole_class_invalid_argument_type" time="0.002515554428100586"></testcase><testcase classname="indy_common.test.test_strict_types" file="indy_common/test/test_strict_types.py" line="74" name="test_whole_class_invalid_return_type" time="0.003286123275756836"></testcase><testcase classname="indy_common.test.test_strict_types" file="indy_common/test/test_strict_types.py" line="81" name="test_whole_class_valid_input_and_return" time="0.0024344921112060547"></testcase><testcase classname="indy_common.test.test_transactions" file="indy_common/test/test_transactions.py" line="13" name="test_transactions_are_encoded" time="0.002101421356201172"></testcase><testcase classname="indy_common.test.test_transactions" file="indy_common/test/test_transactions.py" line="54" name="test_transaction_enum_decoded" time="0.0020444393157958984"></testcase><testcase classname="indy_common.test.test_transactions" file="indy_common/test/test_transactions.py" line="95" name="test_transaction_enum_encoded" time="0.001972198486328125"></testcase><testcase classname="indy_common.test.test_transactions" file="indy_common/test/test_transactions.py" line="132" name="test_get_name_from_code" time="0.002184629440307617"></testcase><testcase classname="indy_common.test.test_util" file="indy_common/test/test_util.py" line="7" name="test_getIndex" time="0.0023183822631835938"></testcase></testsuite>